C:\Program Files\Microsoft Visual Studio\2022\Preview\MSBuild\Microsoft\VC\v170\Microsoft.CppBuild.targets(531,5): warning MSB8028: промежуточный каталог (ARM\Debug\) содержит файлы, которые используются совместно с другим проектом (SDLPoP.vcxproj).  Это может привести к ошибкам очистки и перестроения.
  bank.cpp
  engine.cpp
  file.cpp
  pop_main.cpp
  mixer.cpp
  parts.cpp
  resource.cpp
C:\Users\Admin\source\repos\!Another\SDLAW\src\resource.cpp(275,23): warning C4244: инициализация: преобразование "const uint16_t" в "uint8_t", возможна потеря данных
C:\Users\Admin\source\repos\!Another\SDLAW\src\resource.cpp(276,23): warning C4244: инициализация: преобразование "const uint16_t" в "uint8_t", возможна потеря данных
C:\Users\Admin\source\repos\!Another\SDLAW\src\resource.cpp(277,31): warning C4244: инициализация: преобразование "const uint16_t" в "uint8_t", возможна потеря данных
C:\Users\Admin\source\repos\!Another\SDLAW\src\resource.cpp(278,23): warning C4244: инициализация: преобразование "const uint16_t" в "uint8_t", возможна потеря данных
  serializer.cpp
  sfxplayer.cpp
C:\Users\Admin\source\repos\!Another\SDLAW\src\sfxplayer.cpp(43,36): warning C4244: =: преобразование "uint16_t" в "uint8_t", возможна потеря данных
C:\Users\Admin\source\repos\!Another\SDLAW\src\sfxplayer.cpp(162,38): warning C4244: аргумент: преобразование "int16_t" в "uint8_t", возможна потеря данных
C:\Users\Admin\source\repos\!Another\SDLAW\src\sfxplayer.cpp(184,46): warning C4244: аргумент: преобразование "uint16_t" в "uint8_t", возможна потеря данных
  staticres.cpp
  sysImplementation.cpp
  util.cpp
  video.cpp
C:\Users\Admin\source\repos\!Another\SDLAW\src\video.cpp(113,13): warning C4244: аргумент: преобразование "uint16_t" в "uint8_t", возможна потеря данных
C:\Users\Admin\source\repos\!Another\SDLAW\src\video.cpp(182,32): warning C4244: аргумент: преобразование "uint16_t" в "uint8_t", возможна потеря данных
C:\Users\Admin\source\repos\!Another\SDLAW\src\video.cpp(241,22): warning C4244: аргумент: преобразование "uint16_t" в "uint8_t", возможна потеря данных
  vm.cpp
C:\Users\Admin\source\repos\!Another\SDLAW\src\vm.cpp(27,45): warning C4244: =: преобразование "time_t" в "int16_t", возможна потеря данных
  seg000.cpp
C:\Users\Admin\source\repos\!Another\SDLAW\src\vm.cpp(338,20): warning C4244: аргумент: преобразование "uint16_t" в "uint8_t", возможна потеря данных
C:\Users\Admin\source\repos\!Another\SDLAW\src\types.h(252,18): warning C4200: нестандартное расширение: массив нулевого размера в структуре (объединении) (компилируется исходный файл ..\src\seg000.cpp)
C:\Users\Admin\source\repos\!Another\SDLAW\src\types.h(252,18): message : Этот член будет пропущен конструктором, установленным по умолчанию, или оператором назначения копии или перемещения (компилируется исходный файл ..\src\seg000.cpp)
C:\Users\Admin\source\repos\!Another\SDLAW\src\types.h(418,15): warning C4200: нестандартное расширение: массив нулевого размера в структуре (объединении) (компилируется исходный файл ..\src\seg000.cpp)
C:\Users\Admin\source\repos\!Another\SDLAW\src\types.h(418,15): message : Этот член будет пропущен конструктором, установленным по умолчанию, или оператором назначения копии или перемещения (компилируется исходный файл ..\src\seg000.cpp)
C:\Users\Admin\source\repos\!Another\SDLAW\src\types.h(426,7): warning C4200: нестандартное расширение: массив нулевого размера в структуре (объединении) (компилируется исходный файл ..\src\seg000.cpp)
C:\Users\Admin\source\repos\!Another\SDLAW\src\types.h(426,7): message : Этот член будет пропущен конструктором, установленным по умолчанию, или оператором назначения копии или перемещения (компилируется исходный файл ..\src\seg000.cpp)
C:\Users\Admin\source\repos\!Another\SDLAW\src\types.h(484,7): warning C4200: нестандартное расширение: массив нулевого размера в структуре (объединении) (компилируется исходный файл ..\src\seg000.cpp)
C:\Users\Admin\source\repos\!Another\SDLAW\src\types.h(484,7): message : Этот член будет пропущен конструктором, установленным по умолчанию, или оператором назначения копии или перемещения (компилируется исходный файл ..\src\seg000.cpp)
C:\Users\Admin\source\repos\!Another\SDLAW\src\types.h(514,12): warning C4200: нестандартное расширение: массив нулевого размера в структуре (объединении) (компилируется исходный файл ..\src\seg000.cpp)
C:\Users\Admin\source\repos\!Another\SDLAW\src\types.h(514,12): message : Этот член будет пропущен конструктором, установленным по умолчанию, или оператором назначения копии или перемещения (компилируется исходный файл ..\src\seg000.cpp)
C:\Users\Admin\source\repos\!Another\SDLAW\src\types.h(523,7): warning C4200: нестандартное расширение: массив нулевого размера в структуре (объединении) (компилируется исходный файл ..\src\seg000.cpp)
C:\Users\Admin\source\repos\!Another\SDLAW\src\types.h(523,7): message : Этот член будет пропущен конструктором, установленным по умолчанию, или оператором назначения копии или перемещения (компилируется исходный файл ..\src\seg000.cpp)
C:\Users\Admin\source\repos\!Another\SDLAW\src\types.h(533,7): warning C4200: нестандартное расширение: массив нулевого размера в структуре (объединении) (компилируется исходный файл ..\src\seg000.cpp)
C:\Users\Admin\source\repos\!Another\SDLAW\src\types.h(533,7): message : Этот член будет пропущен конструктором, установленным по умолчанию, или оператором назначения копии или перемещения (компилируется исходный файл ..\src\seg000.cpp)
C:\Users\Admin\source\repos\!Another\SDLAW\src\types.h(545,9): warning C4200: нестандартное расширение: массив нулевого размера в структуре (объединении) (компилируется исходный файл ..\src\seg000.cpp)
C:\Users\Admin\source\repos\!Another\SDLAW\src\types.h(545,9): message : Этот член будет пропущен конструктором, установленным по умолчанию, или оператором назначения копии или перемещения (компилируется исходный файл ..\src\seg000.cpp)
C:\Users\Admin\source\repos\!Another\SDLAW\src\types.h(547,8): warning C4200: нестандартное расширение: массив нулевого размера в структуре (объединении) (компилируется исходный файл ..\src\seg000.cpp)
C:\Users\Admin\source\repos\!Another\SDLAW\src\types.h(547,8): message : Этот член будет пропущен конструктором, установленным по умолчанию, или оператором назначения копии или перемещения (компилируется исходный файл ..\src\seg000.cpp)
C:\Users\Admin\source\repos\!Another\SDLAW\src\types.h(561,8): warning C4200: нестандартное расширение: массив нулевого размера в структуре (объединении) (компилируется исходный файл ..\src\seg000.cpp)
C:\Users\Admin\source\repos\!Another\SDLAW\src\types.h(561,8): message : Этот член будет пропущен конструктором, установленным по умолчанию, или оператором назначения копии или перемещения (компилируется исходный файл ..\src\seg000.cpp)
C:\Users\Admin\source\repos\!Another\SDLAW\src\types.h(585,9): warning C4200: нестандартное расширение: массив нулевого размера в структуре (объединении) (компилируется исходный файл ..\src\seg000.cpp)
C:\Users\Admin\source\repos\!Another\SDLAW\src\types.h(585,9): message : Этот член будет пропущен конструктором, установленным по умолчанию, или оператором назначения копии или перемещения (компилируется исходный файл ..\src\seg000.cpp)
C:\Users\Admin\source\repos\!Another\SDLAW\src\types.h(587,8): warning C4200: нестандартное расширение: массив нулевого размера в структуре (объединении) (компилируется исходный файл ..\src\seg000.cpp)
C:\Users\Admin\source\repos\!Another\SDLAW\src\types.h(587,8): message : Этот член будет пропущен конструктором, установленным по умолчанию, или оператором назначения копии или перемещения (компилируется исходный файл ..\src\seg000.cpp)
C:\Users\Admin\source\repos\!Another\SDLAW\src\seg000.cpp(429,2): warning C4018: >=: несоответствие типов со знаком и без знака
C:\Users\Admin\source\repos\!Another\SDLAW\src\seg000.cpp(1862,41): warning C4244: =: преобразование "double" в "word", возможна потеря данных
C:\Users\Admin\source\repos\!Another\SDLAW\src\seg000.cpp(1904,59): warning C4244: =: преобразование "word" в "byte", возможна потеря данных
C:\Users\Admin\source\repos\!Another\SDLAW\src\seg000.cpp(2124,2): warning C4018: >=: несоответствие типов со знаком и без знака
  data.c
  lighting.c
  main.c
  menu.c
C:\Users\Admin\source\repos\!Another\SDLAW\src\menu.c(312,1): warning C4048: разные индексы массива: "const char (*)[0][20]" и "const char (*)[3][20]"
  midi.c
C:\Users\Admin\source\repos\!Another\SDLAW\src\menu.c(542,1): warning C4048: разные индексы массива: "const char (*)[0][20]" и "const char (*)[32][20]"
C:\Users\Admin\source\repos\!Another\SDLAW\src\menu.c(551,1): warning C4048: разные индексы массива: "const char (*)[0][20]" и "const char (*)[3][20]"
C:\Users\Admin\source\repos\!Another\SDLAW\src\menu.c(871,1): warning C4048: разные индексы массива: "const char (*)[0][20]" и "const char (*)[2][20]"
C:\Users\Admin\source\repos\!Another\SDLAW\src\menu.c(873,1): warning C4048: разные индексы массива: "const char (*)[0][20]" и "const char (*)[3][20]"
  opl3.c
C:\Users\Admin\source\repos\!Another\SDLAW\src\midi.c(366,9): warning C4018: <: несоответствие типов со знаком и без знака
C:\Users\Admin\source\repos\!Another\SDLAW\src\midi.c(464,19): warning C4244: *=: преобразование "float" в "int", возможна потеря данных
C:\Users\Admin\source\repos\!Another\SDLAW\src\midi.c(517,27): warning C4244: -=: преобразование "int64_t" в "int", возможна потеря данных
C:\Users\Admin\source\repos\!Another\SDLAW\src\midi.c(524,29): warning C4018: >=: несоответствие типов со знаком и без знака
C:\Users\Admin\source\repos\!Another\SDLAW\src\midi.c(559,70): warning C4018: >=: несоответствие типов со знаком и без знака
C:\Users\Admin\source\repos\!Another\SDLAW\src\midi.c(560,30): warning C4018: <: несоответствие типов со знаком и без знака
C:\Users\Admin\source\repos\!Another\SDLAW\src\midi.c(566,49): warning C4244: =: преобразование "uint64_t" в "int", возможна потеря данных
C:\Users\Admin\source\repos\!Another\SDLAW\src\midi.c(493,79): warning C4244: инициализация: преобразование "__int64" в "int", возможна потеря данных
  options.c
  replay.c
C:\Users\Admin\source\repos\!Another\SDLAW\src\replay.c(193,24): warning C4018: >: несоответствие типов со знаком и без знака
C:\Users\Admin\source\repos\!Another\SDLAW\src\options.c(66,1): warning C4048: разные индексы массива: "const char (*)[0][20]" и "const char (*)[2][20]"
C:\Users\Admin\source\repos\!Another\SDLAW\src\options.c(67,1): warning C4048: разные индексы массива: "const char (*)[0][20]" и "const char (*)[5][20]"
C:\Users\Admin\source\repos\!Another\SDLAW\src\options.c(68,1): warning C4048: разные индексы массива: "const char (*)[0][20]" и "const char (*)[31][20]"
C:\Users\Admin\source\repos\!Another\SDLAW\src\options.c(77,1): warning C4048: разные индексы массива: "const char (*)[0][20]" и "const char (*)[3][20]"
C:\Users\Admin\source\repos\!Another\SDLAW\src\options.c(78,1): warning C4048: разные индексы массива: "const char (*)[0][20]" и "const char (*)[3][20]"
C:\Users\Admin\source\repos\!Another\SDLAW\src\options.c(80,1): warning C4048: разные индексы массива: "const char (*)[0][20]" и "const char (*)[3][20]"
  screenshot.c
  seg001.c
  seg002.c
C:\Users\Admin\source\repos\!Another\SDLAW\src\seg001.c(493,106): warning C4244: функция: преобразование "short" в "sbyte", возможна потеря данных
C:\Users\Admin\source\repos\!Another\SDLAW\src\seg001.c(493,142): warning C4244: функция: преобразование "short" в "sbyte", возможна потеря данных
C:\Users\Admin\source\repos\!Another\SDLAW\src\seg001.c(754,2): warning C4018: >=: несоответствие типов со знаком и без знака
  seg003.c
C:\Users\Admin\source\repos\!Another\SDLAW\src\seg002.c(58,16): warning C4244: =: преобразование "word" в "byte", возможна потеря данных
C:\Users\Admin\source\repos\!Another\SDLAW\src\seg002.c(68,15): warning C4244: =: преобразование "word" в "byte", возможна потеря данных
C:\Users\Admin\source\repos\!Another\SDLAW\src\seg002.c(79,15): warning C4244: =: преобразование "word" в "byte", возможна потеря данных
C:\Users\Admin\source\repos\!Another\SDLAW\src\seg002.c(163,14): warning C4244: =: преобразование "word" в "byte", возможна потеря данных
C:\Users\Admin\source\repos\!Another\SDLAW\src\seg002.c(165,17): warning C4244: =: преобразование "const short" в "byte", возможна потеря данных
C:\Users\Admin\source\repos\!Another\SDLAW\src\seg002.c(274,37): warning C4244: =: преобразование "word" в "byte", возможна потеря данных
C:\Users\Admin\source\repos\!Another\SDLAW\src\seg002.c(278,44): warning C4244: =: преобразование "word" в "byte", возможна потеря данных
C:\Users\Admin\source\repos\!Another\SDLAW\src\seg002.c(924,19): warning C4244: =: преобразование "const short" в "byte", возможна потеря данных
C:\Users\Admin\source\repos\!Another\SDLAW\src\seg002.c(938,18): warning C4244: =: преобразование "const short" в "byte", возможна потеря данных
C:\Users\Admin\source\repos\!Another\SDLAW\src\seg002.c(1044,16): warning C4244: =: преобразование "word" в "byte", возможна потеря данных
C:\Users\Admin\source\repos\!Another\SDLAW\src\seg002.c(1046,19): warning C4244: =: преобразование "const short" в "byte", возможна потеря данных
  seg004.c
C:\Users\Admin\source\repos\!Another\SDLAW\src\seg003.c(168,17): warning C4244: =: преобразование "const short" в "byte", возможна потеря данных
C:\Users\Admin\source\repos\!Another\SDLAW\src\seg004.c(48,29): warning C4244: =: преобразование "short" в "sbyte", возможна потеря данных
C:\Users\Admin\source\repos\!Another\SDLAW\src\seg004.c(55,30): warning C4244: =: преобразование "short" в "sbyte", возможна потеря данных
C:\Users\Admin\source\repos\!Another\SDLAW\src\seg004.c(114,33): warning C4244: =: преобразование "short" в "sbyte", возможна потеря данных
C:\Users\Admin\source\repos\!Another\SDLAW\src\seg004.c(290,18): warning C4244: =: преобразование "const short" в "byte", возможна потеря данных
C:\Users\Admin\source\repos\!Another\SDLAW\src\seg003.c(600,19): warning C4244: =: преобразование "const short" в "byte", возможна потеря данных
C:\Users\Admin\source\repos\!Another\SDLAW\src\seg003.c(701,17): warning C4244: =: преобразование "const short" в "byte", возможна потеря данных
C:\Users\Admin\source\repos\!Another\SDLAW\src\seg004.c(461,18): warning C4244: =: преобразование "const short" в "byte", возможна потеря данных
  seg005.c
  seg006.c
C:\Users\Admin\source\repos\!Another\SDLAW\src\seg006.c(1039,15): warning C4244: =: преобразование "short" в "byte", возможна потеря данных
C:\Users\Admin\source\repos\!Another\SDLAW\src\seg006.c(1130,13): warning C4244: =: преобразование "word" в "byte", возможна потеря данных
C:\Users\Admin\source\repos\!Another\SDLAW\src\seg006.c(1133,19): warning C4244: =: преобразование "const short" в "byte", возможна потеря данных
C:\Users\Admin\source\repos\!Another\SDLAW\src\seg005.c(102,17): warning C4244: =: преобразование "const short" в "byte", возможна потеря данных
  seg007.c
C:\Users\Admin\source\repos\!Another\SDLAW\src\seg005.c(201,17): warning C4244: =: преобразование "const short" в "byte", возможна потеря данных
  seg008.c
C:\Users\Admin\source\repos\!Another\SDLAW\src\seg007.c(237,19): warning C4244: =: преобразование "short" в "byte", возможна потеря данных
C:\Users\Admin\source\repos\!Another\SDLAW\src\seg007.c(349,20): warning C4244: =: преобразование "short" в "byte", возможна потеря данных
C:\Users\Admin\source\repos\!Another\SDLAW\src\seg007.c(554,27): warning C4244: =: преобразование "short" в "sbyte", возможна потеря данных
C:\Users\Admin\source\repos\!Another\SDLAW\src\seg007.c(561,29): warning C4244: =: преобразование "word" в "byte", возможна потеря данных
C:\Users\Admin\source\repos\!Another\SDLAW\src\seg007.c(562,11): warning C4244: функция: преобразование "short" в "byte", возможна потеря данных
C:\Users\Admin\source\repos\!Another\SDLAW\src\seg007.c(562,17): warning C4244: функция: преобразование "short" в "byte", возможна потеря данных
C:\Users\Admin\source\repos\!Another\SDLAW\src\seg007.c(569,11): warning C4244: функция: преобразование "short" в "byte", возможна потеря данных
C:\Users\Admin\source\repos\!Another\SDLAW\src\seg007.c(569,17): warning C4244: функция: преобразование "short" в "byte", возможна потеря данных
C:\Users\Admin\source\repos\!Another\SDLAW\src\seg007.c(575,11): warning C4244: функция: преобразование "short" в "byte", возможна потеря данных
C:\Users\Admin\source\repos\!Another\SDLAW\src\seg007.c(575,17): warning C4244: функция: преобразование "short" в "byte", возможна потеря данных
C:\Users\Admin\source\repos\!Another\SDLAW\src\seg007.c(584,12): warning C4244: функция: преобразование "short" в "byte", возможна потеря данных
C:\Users\Admin\source\repos\!Another\SDLAW\src\seg007.c(584,18): warning C4244: функция: преобразование "short" в "byte", возможна потеря данных
C:\Users\Admin\source\repos\!Another\SDLAW\src\seg007.c(594,13): warning C4244: функция: преобразование "short" в "byte", возможна потеря данных
C:\Users\Admin\source\repos\!Another\SDLAW\src\seg007.c(594,19): warning C4244: функция: преобразование "short" в "byte", возможна потеря данных
C:\Users\Admin\source\repos\!Another\SDLAW\src\seg007.c(663,20): warning C4244: =: преобразование "short" в "sbyte", возможна потеря данных
C:\Users\Admin\source\repos\!Another\SDLAW\src\seg007.c(665,13): warning C4244: функция: преобразование "word" в "byte", возможна потеря данных
C:\Users\Admin\source\repos\!Another\SDLAW\src\seg007.c(665,19): warning C4244: функция: преобразование "word" в "byte", возможна потеря данных
C:\Users\Admin\source\repos\!Another\SDLAW\src\seg007.c(756,15): warning C4244: =: преобразование "short" в "sbyte", возможна потеря данных
C:\Users\Admin\source\repos\!Another\SDLAW\src\seg007.c(761,13): warning C4244: функция: преобразование "short" в "byte", возможна потеря данных
C:\Users\Admin\source\repos\!Another\SDLAW\src\seg007.c(792,43): warning C4244: функция: преобразование "word" в "byte", возможна потеря данных
C:\Users\Admin\source\repos\!Another\SDLAW\src\seg007.c(803,11): warning C4244: функция: преобразование "short" в "byte", возможна потеря данных
C:\Users\Admin\source\repos\!Another\SDLAW\src\seg007.c(803,17): warning C4244: функция: преобразование "short" в "byte", возможна потеря данных
C:\Users\Admin\source\repos\!Another\SDLAW\src\seg007.c(840,28): warning C4244: =: преобразование "const word" в "byte", возможна потеря данных
C:\Users\Admin\source\repos\!Another\SDLAW\src\seg007.c(841,19): warning C4244: =: преобразование "word" в "byte", возможна потеря данных
C:\Users\Admin\source\repos\!Another\SDLAW\src\seg007.c(844,18): warning C4244: =: преобразование "word" в "byte", возможна потеря данных
C:\Users\Admin\source\repos\!Another\SDLAW\src\seg007.c(896,13): warning C4244: функция: преобразование "short" в "byte", возможна потеря данных
C:\Users\Admin\source\repos\!Another\SDLAW\src\seg007.c(918,35): warning C4244: функция: преобразование "short" в "byte", возможна потеря данных
C:\Users\Admin\source\repos\!Another\SDLAW\src\seg007.c(940,12): warning C4244: функция: преобразование "short" в "byte", возможна потеря данных
C:\Users\Admin\source\repos\!Another\SDLAW\src\seg008.c(197,31): warning C4244: функция: преобразование "short" в "byte", возможна потеря данных
C:\Users\Admin\source\repos\!Another\SDLAW\src\seg007.c(1034,25): warning C4244: =: преобразование "const short" в "byte", возможна потеря данных
C:\Users\Admin\source\repos\!Another\SDLAW\src\seg007.c(1218,18): warning C4244: =: преобразование "const short" в "byte", возможна потеря данных
C:\Users\Admin\source\repos\!Another\SDLAW\src\seg008.c(340,81): warning C4244: функция: преобразование "word" в "byte", возможна потеря данных
C:\Users\Admin\source\repos\!Another\SDLAW\src\seg008.c(341,85): warning C4244: функция: преобразование "word" в "byte", возможна потеря данных
C:\Users\Admin\source\repos\!Another\SDLAW\src\seg008.c(385,65): warning C4244: функция: преобразование "word" в "sbyte", возможна потеря данных
C:\Users\Admin\source\repos\!Another\SDLAW\src\seg008.c(404,96): warning C4244: функция: преобразование "word" в "sbyte", возможна потеря данных
C:\Users\Admin\source\repos\!Another\SDLAW\src\seg008.c(406,48): warning C4244: функция: преобразование "word" в "sbyte", возможна потеря данных
C:\Users\Admin\source\repos\!Another\SDLAW\src\seg008.c(408,75): warning C4244: функция: преобразование "word" в "sbyte", возможна потеря данных
C:\Users\Admin\source\repos\!Another\SDLAW\src\seg008.c(422,63): warning C4244: функция: преобразование "word" в "sbyte", возможна потеря данных
C:\Users\Admin\source\repos\!Another\SDLAW\src\seg008.c(425,75): warning C4244: функция: преобразование "word" в "sbyte", возможна потеря данных
C:\Users\Admin\source\repos\!Another\SDLAW\src\seg008.c(452,47): warning C4244: функция: преобразование "word" в "sbyte", возможна потеря данных
C:\Users\Admin\source\repos\!Another\SDLAW\src\seg008.c(455,76): warning C4244: функция: преобразование "word" в "sbyte", возможна потеря данных
C:\Users\Admin\source\repos\!Another\SDLAW\src\seg008.c(458,63): warning C4244: функция: преобразование "word" в "sbyte", возможна потеря данных
C:\Users\Admin\source\repos\!Another\SDLAW\src\seg008.c(463,73): warning C4244: функция: преобразование "word" в "sbyte", возможна потеря данных
C:\Users\Admin\source\repos\!Another\SDLAW\src\seg008.c(466,58): warning C4244: функция: преобразование "word" в "sbyte", возможна потеря данных
C:\Users\Admin\source\repos\!Another\SDLAW\src\seg008.c(470,65): warning C4244: функция: преобразование "word" в "sbyte", возможна потеря данных
C:\Users\Admin\source\repos\!Another\SDLAW\src\seg008.c(475,75): warning C4244: функция: преобразование "word" в "sbyte", возможна потеря данных
C:\Users\Admin\source\repos\!Another\SDLAW\src\seg008.c(481,49): warning C4244: функция: преобразование "word" в "sbyte", возможна потеря данных
C:\Users\Admin\source\repos\!Another\SDLAW\src\seg008.c(502,93): warning C4244: функция: преобразование "word" в "sbyte", возможна потеря данных
C:\Users\Admin\source\repos\!Another\SDLAW\src\seg008.c(508,92): warning C4244: функция: преобразование "word" в "sbyte", возможна потеря данных
C:\Users\Admin\source\repos\!Another\SDLAW\src\seg008.c(560,34): warning C4244: функция: преобразование "word" в "sbyte", возможна потеря данных
C:\Users\Admin\source\repos\!Another\SDLAW\src\seg008.c(561,31): warning C4244: функция: преобразование "word" в "sbyte", возможна потеря данных
C:\Users\Admin\source\repos\!Another\SDLAW\src\seg008.c(575,45): warning C4244: функция: преобразование "word" в "sbyte", возможна потеря данных
C:\Users\Admin\source\repos\!Another\SDLAW\src\seg008.c(576,45): warning C4244: функция: преобразование "word" в "sbyte", возможна потеря данных
C:\Users\Admin\source\repos\!Another\SDLAW\src\seg008.c(597,44): warning C4244: функция: преобразование "word" в "sbyte", возможна потеря данных
C:\Users\Admin\source\repos\!Another\SDLAW\src\seg008.c(616,92): warning C4244: функция: преобразование "word" в "sbyte", возможна потеря данных
C:\Users\Admin\source\repos\!Another\SDLAW\src\seg008.c(638,73): warning C4244: функция: преобразование "word" в "sbyte", возможна потеря данных
C:\Users\Admin\source\repos\!Another\SDLAW\src\seg008.c(642,67): warning C4244: функция: преобразование "word" в "sbyte", возможна потеря данных
C:\Users\Admin\source\repos\!Another\SDLAW\src\seg008.c(646,67): warning C4244: функция: преобразование "word" в "sbyte", возможна потеря данных
C:\Users\Admin\source\repos\!Another\SDLAW\src\seg008.c(667,92): warning C4244: функция: преобразование "word" в "sbyte", возможна потеря данных
C:\Users\Admin\source\repos\!Another\SDLAW\src\seg008.c(671,67): warning C4244: функция: преобразование "word" в "sbyte", возможна потеря данных
C:\Users\Admin\source\repos\!Another\SDLAW\src\seg008.c(678,85): warning C4244: функция: преобразование "word" в "sbyte", возможна потеря данных
C:\Users\Admin\source\repos\!Another\SDLAW\src\seg008.c(753,29): warning C4244: =: преобразование "short" в "byte", возможна потеря данных
C:\Users\Admin\source\repos\!Another\SDLAW\src\seg008.c(780,29): warning C4244: =: преобразование "short" в "byte", возможна потеря данных
C:\Users\Admin\source\repos\!Another\SDLAW\src\seg008.c(809,28): warning C4244: =: преобразование "short" в "byte", возможна потеря данных
C:\Users\Admin\source\repos\!Another\SDLAW\src\seg008.c(1083,68): warning C4244: функция: преобразование "word" в "sbyte", возможна потеря данных
C:\Users\Admin\source\repos\!Another\SDLAW\src\seg008.c(1087,76): warning C4244: функция: преобразование "word" в "sbyte", возможна потеря данных
C:\Users\Admin\source\repos\!Another\SDLAW\src\seg008.c(1100,61): warning C4244: функция: преобразование "word" в "sbyte", возможна потеря данных
C:\Users\Admin\source\repos\!Another\SDLAW\src\seg008.c(1105,65): warning C4244: функция: преобразование "word" в "sbyte", возможна потеря данных
C:\Users\Admin\source\repos\!Another\SDLAW\src\seg008.c(1110,65): warning C4244: функция: преобразование "word" в "sbyte", возможна потеря данных
C:\Users\Admin\source\repos\!Another\SDLAW\src\seg008.c(1118,60): warning C4244: функция: преобразование "word" в "sbyte", возможна потеря данных
C:\Users\Admin\source\repos\!Another\SDLAW\src\seg008.c(1122,65): warning C4244: функция: преобразование "word" в "sbyte", возможна потеря данных
C:\Users\Admin\source\repos\!Another\SDLAW\src\seg008.c(1452,78): warning C4244: функция: преобразование "word" в "sbyte", возможна потеря данных
C:\Users\Admin\source\repos\!Another\SDLAW\src\seg008.c(1590,17): warning C4244: =: преобразование "short" в "byte", возможна потеря данных
C:\Users\Admin\source\repos\!Another\SDLAW\src\seg008.c(1592,18): warning C4244: =: преобразование "short" в "byte", возможна потеря данных
C:\Users\Admin\source\repos\!Another\SDLAW\src\seg008.c(1671,15): warning C4244: функция: преобразование "word" в "byte", возможна потеря данных
C:\Users\Admin\source\repos\!Another\SDLAW\src\seg008.c(1814,15): warning C4244: =: преобразование "word" в "byte", возможна потеря данных
C:\Users\Admin\source\repos\!Another\SDLAW\src\seg008.c(1937,63): warning C4244: функция: преобразование "word" в "sbyte", возможна потеря данных
C:\Users\Admin\source\repos\!Another\SDLAW\src\seg008.c(1938,63): warning C4244: функция: преобразование "word" в "sbyte", возможна потеря данных
C:\Users\Admin\source\repos\!Another\SDLAW\src\seg008.c(1939,63): warning C4244: функция: преобразование "word" в "sbyte", возможна потеря данных
C:\Users\Admin\source\repos\!Another\SDLAW\src\seg008.c(1942,62): warning C4244: функция: преобразование "word" в "sbyte", возможна потеря данных
C:\Users\Admin\source\repos\!Another\SDLAW\src\seg008.c(1945,8): warning C4244: =: преобразование "word" в "byte", возможна потеря данных
C:\Users\Admin\source\repos\!Another\SDLAW\src\seg008.c(1947,8): warning C4244: =: преобразование "word" в "byte", возможна потеря данных
C:\Users\Admin\source\repos\!Another\SDLAW\src\seg008.c(1955,51): warning C4244: функция: преобразование "word" в "sbyte", возможна потеря данных
C:\Users\Admin\source\repos\!Another\SDLAW\src\seg008.c(1959,54): warning C4244: функция: преобразование "word" в "sbyte", возможна потеря данных
C:\Users\Admin\source\repos\!Another\SDLAW\src\seg008.c(1983,51): warning C4244: функция: преобразование "word" в "sbyte", возможна потеря данных
C:\Users\Admin\source\repos\!Another\SDLAW\src\seg008.c(2000,54): warning C4244: функция: преобразование "word" в "sbyte", возможна потеря данных
C:\Users\Admin\source\repos\!Another\SDLAW\src\seg008.c(2031,68): warning C4244: функция: преобразование "word" в "sbyte", возможна потеря данных
C:\Users\Admin\source\repos\!Another\SDLAW\src\seg008.c(2046,53): warning C4244: функция: преобразование "word" в "sbyte", возможна потеря данных
  seqtbl.c
  stb_vorbis.c
  seg009.cpp
  SDL_winrt_main_NonXAML.cpp
C:\Users\Admin\source\repos\!Another\SDLAW\src\types.h(252,18): warning C4200: нестандартное расширение: массив нулевого размера в структуре (объединении) (компилируется исходный файл ..\src\seg009.cpp)
C:\Users\Admin\source\repos\!Another\SDLAW\src\types.h(252,18): message : Этот член будет пропущен конструктором, установленным по умолчанию, или оператором назначения копии или перемещения (компилируется исходный файл ..\src\seg009.cpp)
C:\Users\Admin\source\repos\!Another\SDLAW\src\types.h(418,15): warning C4200: нестандартное расширение: массив нулевого размера в структуре (объединении) (компилируется исходный файл ..\src\seg009.cpp)
C:\Users\Admin\source\repos\!Another\SDLAW\src\types.h(418,15): message : Этот член будет пропущен конструктором, установленным по умолчанию, или оператором назначения копии или перемещения (компилируется исходный файл ..\src\seg009.cpp)
C:\Users\Admin\source\repos\!Another\SDLAW\src\types.h(426,7): warning C4200: нестандартное расширение: массив нулевого размера в структуре (объединении) (компилируется исходный файл ..\src\seg009.cpp)
C:\Users\Admin\source\repos\!Another\SDLAW\src\types.h(426,7): message : Этот член будет пропущен конструктором, установленным по умолчанию, или оператором назначения копии или перемещения (компилируется исходный файл ..\src\seg009.cpp)
C:\Users\Admin\source\repos\!Another\SDLAW\src\types.h(484,7): warning C4200: нестандартное расширение: массив нулевого размера в структуре (объединении) (компилируется исходный файл ..\src\seg009.cpp)
C:\Users\Admin\source\repos\!Another\SDLAW\src\types.h(484,7): message : Этот член будет пропущен конструктором, установленным по умолчанию, или оператором назначения копии или перемещения (компилируется исходный файл ..\src\seg009.cpp)
C:\Users\Admin\source\repos\!Another\SDLAW\src\types.h(514,12): warning C4200: нестандартное расширение: массив нулевого размера в структуре (объединении) (компилируется исходный файл ..\src\seg009.cpp)
C:\Users\Admin\source\repos\!Another\SDLAW\src\types.h(514,12): message : Этот член будет пропущен конструктором, установленным по умолчанию, или оператором назначения копии или перемещения (компилируется исходный файл ..\src\seg009.cpp)
C:\Users\Admin\source\repos\!Another\SDLAW\src\types.h(523,7): warning C4200: нестандартное расширение: массив нулевого размера в структуре (объединении) (компилируется исходный файл ..\src\seg009.cpp)
C:\Users\Admin\source\repos\!Another\SDLAW\src\types.h(523,7): message : Этот член будет пропущен конструктором, установленным по умолчанию, или оператором назначения копии или перемещения (компилируется исходный файл ..\src\seg009.cpp)
C:\Users\Admin\source\repos\!Another\SDLAW\src\types.h(533,7): warning C4200: нестандартное расширение: массив нулевого размера в структуре (объединении) (компилируется исходный файл ..\src\seg009.cpp)
C:\Users\Admin\source\repos\!Another\SDLAW\src\types.h(533,7): message : Этот член будет пропущен конструктором, установленным по умолчанию, или оператором назначения копии или перемещения (компилируется исходный файл ..\src\seg009.cpp)
C:\Users\Admin\source\repos\!Another\SDLAW\src\types.h(545,9): warning C4200: нестандартное расширение: массив нулевого размера в структуре (объединении) (компилируется исходный файл ..\src\seg009.cpp)
C:\Users\Admin\source\repos\!Another\SDLAW\src\types.h(545,9): message : Этот член будет пропущен конструктором, установленным по умолчанию, или оператором назначения копии или перемещения (компилируется исходный файл ..\src\seg009.cpp)
C:\Users\Admin\source\repos\!Another\SDLAW\src\types.h(547,8): warning C4200: нестандартное расширение: массив нулевого размера в структуре (объединении) (компилируется исходный файл ..\src\seg009.cpp)
C:\Users\Admin\source\repos\!Another\SDLAW\src\types.h(547,8): message : Этот член будет пропущен конструктором, установленным по умолчанию, или оператором назначения копии или перемещения (компилируется исходный файл ..\src\seg009.cpp)
C:\Users\Admin\source\repos\!Another\SDLAW\src\types.h(561,8): warning C4200: нестандартное расширение: массив нулевого размера в структуре (объединении) (компилируется исходный файл ..\src\seg009.cpp)
C:\Users\Admin\source\repos\!Another\SDLAW\src\types.h(561,8): message : Этот член будет пропущен конструктором, установленным по умолчанию, или оператором назначения копии или перемещения (компилируется исходный файл ..\src\seg009.cpp)
C:\Users\Admin\source\repos\!Another\SDLAW\src\types.h(585,9): warning C4200: нестандартное расширение: массив нулевого размера в структуре (объединении) (компилируется исходный файл ..\src\seg009.cpp)
C:\Users\Admin\source\repos\!Another\SDLAW\src\types.h(585,9): message : Этот член будет пропущен конструктором, установленным по умолчанию, или оператором назначения копии или перемещения (компилируется исходный файл ..\src\seg009.cpp)
C:\Users\Admin\source\repos\!Another\SDLAW\src\types.h(587,8): warning C4200: нестандартное расширение: массив нулевого размера в структуре (объединении) (компилируется исходный файл ..\src\seg009.cpp)
C:\Users\Admin\source\repos\!Another\SDLAW\src\types.h(587,8): message : Этот член будет пропущен конструктором, установленным по умолчанию, или оператором назначения копии или перемещения (компилируется исходный файл ..\src\seg009.cpp)
C:\Users\Admin\source\repos\!Another\SDLAW\src\seg009.cpp(330,21): warning C4244: =: преобразование "time_t" в "dword", возможна потеря данных
C:\Users\Admin\source\repos\!Another\SDLAW\src\seg009.cpp(1336,131): warning C4244: аргумент: преобразование "short" в "byte", возможна потеря данных
C:\Users\Admin\source\repos\!Another\SDLAW\src\seg009.cpp(1662,22): warning C4267: =: преобразование из "size_t" в "short"; возможна потеря данных
C:\Users\Admin\source\repos\!Another\SDLAW\src\seg009.cpp(2050,20): warning C4018: <: несоответствие типов со знаком и без знака
C:\Users\Admin\source\repos\!Another\SDLAW\src\seg009.cpp(2752,45): warning C4838: Преобразование из "int" в "short" требует сужающего преобразования.
C:\Users\Admin\source\repos\!Another\SDLAW\src\seg009.cpp(2784,22): warning C4244: инициализация: преобразование "double" в "int", возможна потеря данных
C:\Users\Admin\source\repos\!Another\SDLAW\src\seg009.cpp(2790,45): warning C4838: Преобразование из "int" в "short" требует сужающего преобразования.
C:\Users\Admin\source\repos\!Another\SDLAW\src\seg009.cpp(3460,64): warning C4244: =: преобразование "double" в "word", возможна потеря данных
     Создается библиотека C:\Users\Admin\source\repos\!Another\SDLAW\ARM\Debug\SDLAW\SDLAW.lib и объект C:\Users\Admin\source\repos\!Another\SDLAW\ARM\Debug\SDLAW\SDLAW.exp
  SDLAW.vcxproj -> C:\Users\Admin\source\repos\!Another\SDLAW\ARM\Debug\SDLAW\SDLAW.exe
  SDLAW -> C:\Users\Admin\source\repos\!Another\SDLAW\ARM\Debug\SDLAW\SDLAW_1.0.8.0_ARM_Debug.appx
  SDLAW -> C:\Users\Admin\source\repos\!Another\SDLAW\ARM\Debug\SDLAW\SDLAW_1.0.8.0_scale-100.appx
  SDLAW -> C:\Users\Admin\source\repos\!Another\SDLAW\ARM\Debug\SDLAW\SDLAW_1.0.8.0_scale-125.appx
  SDLAW -> C:\Users\Admin\source\repos\!Another\SDLAW\ARM\Debug\SDLAW\SDLAW_1.0.8.0_scale-150.appx
  SDLAW -> C:\Users\Admin\source\repos\!Another\SDLAW\ARM\Debug\SDLAW\SDLAW_1.0.8.0_scale-400.appx
  SDLAW -> C:\Users\Admin\source\repos\!Another\SDLAW\AppPackages\SDLAW\SDLAW_1.0.8.0_Debug_Test\SDLAW_1.0.8.0_arm_Debug.appxbundle
