c:\users\admin\source\repos\!another\sdlap\sdlaw\x64\debug\bank.obj
c:\users\admin\source\repos\!another\sdlap\sdlaw\x64\debug\file.obj
c:\users\admin\source\repos\!another\sdlap\sdlaw\x64\debug\mixer.obj
c:\users\admin\source\repos\!another\sdlap\sdlaw\x64\debug\serializer.obj
c:\users\admin\source\repos\!another\sdlap\sdlaw\x64\debug\sfxplayer.obj
c:\users\admin\source\repos\!another\sdlap\sdlaw\x64\debug\sysimplementation.obj
c:\users\admin\source\repos\!another\sdlap\sdlaw\x64\debug\engine.obj
c:\users\admin\source\repos\!another\sdlap\sdlaw\x64\debug\main.obj
c:\users\admin\source\repos\!another\sdlap\sdlaw\x64\debug\parts.obj
c:\users\admin\source\repos\!another\sdlap\sdlaw\x64\debug\resource.obj
c:\users\admin\source\repos\!another\sdlap\sdlaw\x64\debug\staticres.obj
c:\users\admin\source\repos\!another\sdlap\sdlaw\x64\debug\util.obj
c:\users\admin\source\repos\!another\sdlap\sdlaw\x64\debug\video.obj
c:\users\admin\source\repos\!another\sdlap\sdlaw\x64\debug\vm.obj
c:\users\admin\source\repos\!another\sdlap\sdlaw\x64\debug\vc143.pdb
c:\users\admin\source\repos\!another\sdlap\sdlaw\x64\debug\lighting.obj
c:\users\admin\source\repos\!another\sdlap\sdlaw\x64\debug\menu.obj
c:\users\admin\source\repos\!another\sdlap\sdlaw\x64\debug\opl3.obj
c:\users\admin\source\repos\!another\sdlap\sdlaw\x64\debug\options.obj
c:\users\admin\source\repos\!another\sdlap\sdlaw\x64\debug\screenshot.obj
c:\users\admin\source\repos\!another\sdlap\sdlaw\x64\debug\seg001.obj
c:\users\admin\source\repos\!another\sdlap\sdlaw\x64\debug\seg002.obj
c:\users\admin\source\repos\!another\sdlap\sdlaw\x64\debug\seg004.obj
c:\users\admin\source\repos\!another\sdlap\sdlaw\x64\debug\seg006.obj
c:\users\admin\source\repos\!another\sdlap\sdlaw\x64\debug\seg008.obj
c:\users\admin\source\repos\!another\sdlap\sdlaw\x64\debug\stb_vorbis.obj
c:\users\admin\source\repos\!another\sdlap\sdlaw\x64\debug\data.obj
c:\users\admin\source\repos\!another\sdlap\sdlaw\x64\debug\midi.obj
c:\users\admin\source\repos\!another\sdlap\sdlaw\x64\debug\replay.obj
c:\users\admin\source\repos\!another\sdlap\sdlaw\x64\debug\seg000.obj
c:\users\admin\source\repos\!another\sdlap\sdlaw\x64\debug\seg003.obj
c:\users\admin\source\repos\!another\sdlap\sdlaw\x64\debug\seg005.obj
c:\users\admin\source\repos\!another\sdlap\sdlaw\x64\debug\seg007.obj
c:\users\admin\source\repos\!another\sdlap\sdlaw\x64\debug\seqtbl.obj
c:\users\admin\source\repos\!another\sdlap\sdlaw\x64\debug\seg009.obj
c:\users\admin\source\repos\!another\sdlap\sdlaw\x64\debug\sdl_winrt_main_nonxaml.obj
c:\users\admin\source\repos\!another\sdlap\sdlaw\x64\debug\sdlaw.ilk
c:\users\admin\source\repos\!another\sdlap\x64\debug\sdlaw\sdlaw.exe
c:\users\admin\source\repos\!another\sdlap\x64\debug\sdlaw\sdlaw.pdb
c:\users\admin\source\repos\!another\sdlap\x64\debug\sdlaw\sdlpop.winmd
c:\users\admin\source\repos\!another\sdlap\x64\debug\sdlaw\sdlaw.lib
c:\users\admin\source\repos\!another\sdlap\x64\debug\sdlaw\sdlaw.exp
c:\users\admin\source\repos\!another\sdlap\sdlaw\x64\debug\sdl2-winrtresources.res
c:\users\admin\source\repos\!another\sdlap\sdlaw\x64\debug\sdlaw.vcxproj.assemblyreference.cache
c:\users\admin\source\repos\!another\sdlap\sdlaw\x64\debug\resourcehandlingtask.state
c:\users\admin\source\repos\!another\sdlap\sdlaw\x64\debug\sdlaw.vcxproj.generateresource.cache
c:\users\admin\source\repos\!another\sdlap\sdlaw\x64\debug\priconfig.xml
c:\users\admin\source\repos\!another\sdlap\sdlaw\x64\debug\priconfig.xml.intermediate
c:\users\admin\source\repos\!another\sdlap\sdlaw\x64\debug\unfiltered.layout.resfiles
c:\users\admin\source\repos\!another\sdlap\sdlaw\x64\debug\unfiltered.layout.resfiles.intermediate
c:\users\admin\source\repos\!another\sdlap\sdlaw\x64\debug\filtered.layout.resfiles
c:\users\admin\source\repos\!another\sdlap\sdlaw\x64\debug\filtered.layout.resfiles.intermediate
c:\users\admin\source\repos\!another\sdlap\sdlaw\x64\debug\excluded.layout.resfiles
c:\users\admin\source\repos\!another\sdlap\sdlaw\x64\debug\excluded.layout.resfiles.intermediate
c:\users\admin\source\repos\!another\sdlap\sdlaw\x64\debug\resources.resfiles
c:\users\admin\source\repos\!another\sdlap\sdlaw\x64\debug\resources.resfiles.intermediate
c:\users\admin\source\repos\!another\sdlap\sdlaw\x64\debug\pri.resfiles
c:\users\admin\source\repos\!another\sdlap\sdlaw\x64\debug\pri.resfiles.intermediate
c:\users\admin\source\repos\!another\sdlap\x64\debug\sdlaw\resources.pri
c:\users\admin\source\repos\!another\sdlap\sdlaw\x64\debug\qualifiers.txt
c:\users\admin\source\repos\!another\sdlap\sdlaw\x64\debug\qualifiers.txt.intermediate
c:\users\admin\source\repos\!another\sdlap\sdlaw\x64\debug\multiplequalifiersperdimensionfound.txt
c:\users\admin\source\repos\!another\sdlap\sdlaw\x64\debug\projectarchitectures.txt
c:\users\admin\source\repos\!another\sdlap\x64\debug\sdlaw\appxmanifest.xml
c:\users\admin\source\repos\!another\sdlap\x64\debug\sdlaw\sdlaw.build.appxrecipe
c:\users\admin\source\repos\!another\sdlap\sdlaw\x64\debug\vc143.idb
c:\users\admin\source\repos\!another\sdlap\sdlaw\x64\debug\sdlaw.tlog\cl.10000.write.1.tlog
c:\users\admin\source\repos\!another\sdlap\sdlaw\x64\debug\sdlaw.tlog\cl.command.1.tlog
c:\users\admin\source\repos\!another\sdlap\sdlaw\x64\debug\sdlaw.tlog\cl.items.tlog
c:\users\admin\source\repos\!another\sdlap\sdlaw\x64\debug\sdlaw.tlog\cl.read.1.tlog
c:\users\admin\source\repos\!another\sdlap\sdlaw\x64\debug\sdlaw.tlog\link.command.1.tlog
c:\users\admin\source\repos\!another\sdlap\sdlaw\x64\debug\sdlaw.tlog\link.read.1.tlog
c:\users\admin\source\repos\!another\sdlap\sdlaw\x64\debug\sdlaw.tlog\link.write.1.tlog
c:\users\admin\source\repos\!another\sdlap\sdlaw\x64\debug\sdlaw.tlog\link.write.2u.tlog
c:\users\admin\source\repos\!another\sdlap\sdlaw\x64\debug\sdlaw.tlog\rc.command.1.tlog
c:\users\admin\source\repos\!another\sdlap\sdlaw\x64\debug\sdlaw.tlog\rc.read.1.tlog
c:\users\admin\source\repos\!another\sdlap\sdlaw\x64\debug\sdlaw.tlog\rc.write.1.tlog
c:\users\admin\source\repos\!another\sdlap\sdlaw\x64\debug\sdlaw.tlog\sdlaw.read.1u.tlog
c:\users\admin\source\repos\!another\sdlap\sdlaw\x64\debug\sdlaw.tlog\sdlaw.write.1u.tlog
