C:\Program Files\Microsoft Visual Studio\2022\Preview\MSBuild\Microsoft\VC\v170\Microsoft.CppBuild.targets(531,5): warning MSB8028: промежуточный каталог (x64\Debug\) содержит файлы, которые используются совместно с другим проектом (Prototype.vcxproj, SDLPoP.vcxproj, winrt.vcxproj).  Это может привести к ошибкам очистки и перестроения.
  bank.cpp
  engine.cpp
  file.cpp
  mixer.cpp
C:\Users\Admin\source\repos\!GameDev\SDLAW\src\file.cpp(49,15): warning C4267: инициализация: преобразование из "size_t" в "uint32_t"; возможна потеря данных
C:\Users\Admin\source\repos\!GameDev\SDLAW\src\file.cpp(58,15): warning C4267: инициализация: преобразование из "size_t" в "uint32_t"; возможна потеря данных
  parts.cpp
  resource.cpp
C:\Users\Admin\source\repos\!GameDev\SDLAW\src\resource.cpp(18,13): warning C4244: инициализация: преобразование "__int64" в "uint16_t", возможна потеря данных
C:\Users\Admin\source\repos\!GameDev\SDLAW\src\resource.cpp(287,23): warning C4244: инициализация: преобразование "const uint16_t" в "uint8_t", возможна потеря данных
C:\Users\Admin\source\repos\!GameDev\SDLAW\src\resource.cpp(288,23): warning C4244: инициализация: преобразование "const uint16_t" в "uint8_t", возможна потеря данных
C:\Users\Admin\source\repos\!GameDev\SDLAW\src\resource.cpp(289,31): warning C4244: инициализация: преобразование "const uint16_t" в "uint8_t", возможна потеря данных
C:\Users\Admin\source\repos\!GameDev\SDLAW\src\resource.cpp(290,23): warning C4244: инициализация: преобразование "const uint16_t" в "uint8_t", возможна потеря данных
C:\Users\Admin\source\repos\!GameDev\SDLAW\src\resource.cpp(367,15): warning C4244: =: преобразование "__int64" в "uint8_t", возможна потеря данных
  serializer.cpp
  sfxplayer.cpp
C:\Users\Admin\source\repos\!GameDev\SDLAW\src\serializer.cpp(50,55): warning C4244: аргумент: преобразование "__int64" в "uint32_t", возможна потеря данных
C:\Users\Admin\source\repos\!GameDev\SDLAW\src\sfxplayer.cpp(43,36): warning C4244: =: преобразование "uint16_t" в "uint8_t", возможна потеря данных
  staticres.cpp
C:\Users\Admin\source\repos\!GameDev\SDLAW\src\sfxplayer.cpp(162,38): warning C4244: аргумент: преобразование "int16_t" в "uint8_t", возможна потеря данных
C:\Users\Admin\source\repos\!GameDev\SDLAW\src\sfxplayer.cpp(184,46): warning C4244: аргумент: преобразование "uint16_t" в "uint8_t", возможна потеря данных
  sysImplementation.cpp
  util.cpp
  video.cpp
  vm.cpp
C:\Users\Admin\source\repos\!GameDev\SDLAW\src\video.cpp(114,13): warning C4244: аргумент: преобразование "uint16_t" в "uint8_t", возможна потеря данных
C:\Users\Admin\source\repos\!GameDev\SDLAW\src\video.cpp(187,32): warning C4244: аргумент: преобразование "uint16_t" в "uint8_t", возможна потеря данных
C:\Users\Admin\source\repos\!GameDev\SDLAW\src\video.cpp(246,22): warning C4244: аргумент: преобразование "uint16_t" в "uint8_t", возможна потеря данных
C:\Users\Admin\source\repos\!GameDev\SDLAW\src\video.cpp(277,10): warning C4267: инициализация: преобразование из "size_t" в "int"; возможна потеря данных
C:\Users\Admin\source\repos\!GameDev\SDLAW\src\vm.cpp(27,45): warning C4244: =: преобразование "time_t" в "int16_t", возможна потеря данных
C:\Users\Admin\source\repos\!GameDev\SDLAW\src\vm.cpp(82,40): warning C4244: =: преобразование "__int64" в "uint16_t", возможна потеря данных
C:\Users\Admin\source\repos\!GameDev\SDLAW\src\vm.cpp(338,20): warning C4244: аргумент: преобразование "uint16_t" в "uint8_t", возможна потеря данных
  seg000.cpp
C:\Users\Admin\source\repos\!GameDev\SDLAW\src\vm.cpp(490,53): warning C4244: =: преобразование "__int64" в "uint16_t", возможна потеря данных
C:\Users\Admin\source\repos\!GameDev\SDLAW\src\types.h(251,18): warning C4200: нестандартное расширение: массив нулевого размера в структуре (объединении) (компилируется исходный файл ..\src\seg000.cpp)
C:\Users\Admin\source\repos\!GameDev\SDLAW\src\types.h(251,18): message : Этот член будет пропущен конструктором, установленным по умолчанию, или оператором назначения копии или перемещения (компилируется исходный файл ..\src\seg000.cpp)
C:\Users\Admin\source\repos\!GameDev\SDLAW\src\types.h(417,15): warning C4200: нестандартное расширение: массив нулевого размера в структуре (объединении) (компилируется исходный файл ..\src\seg000.cpp)
C:\Users\Admin\source\repos\!GameDev\SDLAW\src\types.h(417,15): message : Этот член будет пропущен конструктором, установленным по умолчанию, или оператором назначения копии или перемещения (компилируется исходный файл ..\src\seg000.cpp)
C:\Users\Admin\source\repos\!GameDev\SDLAW\src\types.h(425,7): warning C4200: нестандартное расширение: массив нулевого размера в структуре (объединении) (компилируется исходный файл ..\src\seg000.cpp)
C:\Users\Admin\source\repos\!GameDev\SDLAW\src\types.h(425,7): message : Этот член будет пропущен конструктором, установленным по умолчанию, или оператором назначения копии или перемещения (компилируется исходный файл ..\src\seg000.cpp)
C:\Users\Admin\source\repos\!GameDev\SDLAW\src\types.h(483,7): warning C4200: нестандартное расширение: массив нулевого размера в структуре (объединении) (компилируется исходный файл ..\src\seg000.cpp)
C:\Users\Admin\source\repos\!GameDev\SDLAW\src\types.h(483,7): message : Этот член будет пропущен конструктором, установленным по умолчанию, или оператором назначения копии или перемещения (компилируется исходный файл ..\src\seg000.cpp)
C:\Users\Admin\source\repos\!GameDev\SDLAW\src\types.h(513,12): warning C4200: нестандартное расширение: массив нулевого размера в структуре (объединении) (компилируется исходный файл ..\src\seg000.cpp)
C:\Users\Admin\source\repos\!GameDev\SDLAW\src\types.h(513,12): message : Этот член будет пропущен конструктором, установленным по умолчанию, или оператором назначения копии или перемещения (компилируется исходный файл ..\src\seg000.cpp)
C:\Users\Admin\source\repos\!GameDev\SDLAW\src\types.h(522,7): warning C4200: нестандартное расширение: массив нулевого размера в структуре (объединении) (компилируется исходный файл ..\src\seg000.cpp)
C:\Users\Admin\source\repos\!GameDev\SDLAW\src\types.h(522,7): message : Этот член будет пропущен конструктором, установленным по умолчанию, или оператором назначения копии или перемещения (компилируется исходный файл ..\src\seg000.cpp)
C:\Users\Admin\source\repos\!GameDev\SDLAW\src\types.h(532,7): warning C4200: нестандартное расширение: массив нулевого размера в структуре (объединении) (компилируется исходный файл ..\src\seg000.cpp)
C:\Users\Admin\source\repos\!GameDev\SDLAW\src\types.h(532,7): message : Этот член будет пропущен конструктором, установленным по умолчанию, или оператором назначения копии или перемещения (компилируется исходный файл ..\src\seg000.cpp)
C:\Users\Admin\source\repos\!GameDev\SDLAW\src\types.h(544,9): warning C4200: нестандартное расширение: массив нулевого размера в структуре (объединении) (компилируется исходный файл ..\src\seg000.cpp)
C:\Users\Admin\source\repos\!GameDev\SDLAW\src\types.h(544,9): message : Этот член будет пропущен конструктором, установленным по умолчанию, или оператором назначения копии или перемещения (компилируется исходный файл ..\src\seg000.cpp)
C:\Users\Admin\source\repos\!GameDev\SDLAW\src\types.h(546,8): warning C4200: нестандартное расширение: массив нулевого размера в структуре (объединении) (компилируется исходный файл ..\src\seg000.cpp)
C:\Users\Admin\source\repos\!GameDev\SDLAW\src\types.h(546,8): message : Этот член будет пропущен конструктором, установленным по умолчанию, или оператором назначения копии или перемещения (компилируется исходный файл ..\src\seg000.cpp)
C:\Users\Admin\source\repos\!GameDev\SDLAW\src\types.h(560,8): warning C4200: нестандартное расширение: массив нулевого размера в структуре (объединении) (компилируется исходный файл ..\src\seg000.cpp)
C:\Users\Admin\source\repos\!GameDev\SDLAW\src\types.h(560,8): message : Этот член будет пропущен конструктором, установленным по умолчанию, или оператором назначения копии или перемещения (компилируется исходный файл ..\src\seg000.cpp)
C:\Users\Admin\source\repos\!GameDev\SDLAW\src\types.h(584,9): warning C4200: нестандартное расширение: массив нулевого размера в структуре (объединении) (компилируется исходный файл ..\src\seg000.cpp)
C:\Users\Admin\source\repos\!GameDev\SDLAW\src\types.h(584,9): message : Этот член будет пропущен конструктором, установленным по умолчанию, или оператором назначения копии или перемещения (компилируется исходный файл ..\src\seg000.cpp)
C:\Users\Admin\source\repos\!GameDev\SDLAW\src\types.h(586,8): warning C4200: нестандартное расширение: массив нулевого размера в структуре (объединении) (компилируется исходный файл ..\src\seg000.cpp)
C:\Users\Admin\source\repos\!GameDev\SDLAW\src\types.h(586,8): message : Этот член будет пропущен конструктором, установленным по умолчанию, или оператором назначения копии или перемещения (компилируется исходный файл ..\src\seg000.cpp)
  data.c
  main.c
  SDL_winrt_main_NonXAML.cpp
  SDLAW.vcxproj -> C:\Users\Admin\source\repos\!GameDev\SDLAW\x64\Debug\SDLAW\SDLAW.exe
C:\Program Files\Microsoft Visual Studio\2022\Preview\MSBuild\Microsoft\VisualStudio\v17.0\AppxPackage\Microsoft.AppXPackage.Targets(875,5): warning : Файл сертификата не существует: SDLAW_TemporaryKey.pfx.
C:\Program Files\Microsoft Visual Studio\2022\Preview\MSBuild\Microsoft\VisualStudio\v17.0\AppxPackage\Microsoft.AppXPackage.Targets(2771,5): warning APPX0104: Файл сертификата "SDLAW_TemporaryKey.pfx" не найден.
C:\Program Files\Microsoft Visual Studio\2022\Preview\MSBuild\Microsoft\VisualStudio\v17.0\AppxPackage\Microsoft.AppXPackage.Targets(2771,5): warning APPX0107: Указанный сертификат непригоден для подписывания. Дополнительные сведения о допустимых сертификатах см. по адресу http://go.microsoft.com/fwlink/?LinkID=241478.
